#
# A fatal error has been detected by the Java Runtime Environment:
#
#  Internal Error (classFileParser.cpp:3494), pid=2012, tid=3728
#  Error: ShouldNotReachHere()
#
# JRE version: 6.0_30-b12
# Java VM: Java HotSpot(TM) Client VM (20.5-b03 mixed mode windows-x86 )
# If you would like to submit a bug report, please visit:
#   http://java.sun.com/webapps/bugreport/crash.jsp
#

---------------  T H R E A D  ---------------

Current thread (0x00559000):  JavaThread "Unknown thread" [_thread_in_vm, id=3728, stack(0x001f0000,0x00240000)]

Stack: [0x001f0000,0x00240000],  sp=0x0023f86c,  free space=318k
Native frames: (J=compiled Java code, j=interpreted, Vv=VM code, C=native code)
V  [jvm.dll+0x1335ca]
V  [jvm.dll+0x12e57b]
V  [jvm.dll+0x1639e]
V  [jvm.dll+0x17bdf]
V  [jvm.dll+0x26cc5]
V  [jvm.dll+0x27506]
V  [jvm.dll+0x278b5]
V  [jvm.dll+0x27949]
V  [jvm.dll+0x27a0c]
V  [jvm.dll+0x27a8a]
V  [jvm.dll+0x27b6d]
V  [jvm.dll+0x27e39]
V  [jvm.dll+0x6c383]
V  [jvm.dll+0x6c75c]
V  [jvm.dll+0xf9b4c]
V  [jvm.dll+0x11848b]
V  [jvm.dll+0x9eb60]
C  [javaw.exe+0x1657]
C  [javaw.exe+0x1e2c]
C  [javaw.exe+0x8614]
C  [kernel32.dll+0x1339a]  BaseThreadInitThunk+0x12
C  [ntdll.dll+0x39ef2]  RtlInitializeExceptionChain+0x63
C  [ntdll.dll+0x39ec5]  RtlInitializeExceptionChain+0x36


---------------  P R O C E S S  ---------------

Java Threads: ( => current thread )

Other Threads:

=>0x00559000 (exited) JavaThread "Unknown thread" [_thread_in_vm, id=3728, stack(0x001f0000,0x00240000)]

VM state:not at safepoint (not fully initialized)

VM Mutex/Monitor currently owned by a thread: None

Dynamic libraries:
0x00400000 - 0x00425000 	D:\Program Files (x86)\Java\jdk1.6.0_30\bin\javaw.exe
0x77330000 - 0x774b0000 	C:\Windows\SysWOW64\ntdll.dll
0x75820000 - 0x75930000 	C:\Windows\syswow64\kernel32.dll
0x76d20000 - 0x76d66000 	C:\Windows\syswow64\KERNELBASE.dll
0x76e90000 - 0x76f30000 	C:\Windows\syswow64\ADVAPI32.dll
0x75630000 - 0x756dc000 	C:\Windows\syswow64\msvcrt.dll
0x76a20000 - 0x76a39000 	C:\Windows\SysWOW64\sechost.dll
0x76ba0000 - 0x76c90000 	C:\Windows\syswow64\RPCRT4.dll
0x74e90000 - 0x74ef0000 	C:\Windows\syswow64\SspiCli.dll
0x74e80000 - 0x74e8c000 	C:\Windows\syswow64\CRYPTBASE.dll
0x74f50000 - 0x75050000 	C:\Windows\syswow64\USER32.dll
0x76da0000 - 0x76e30000 	C:\Windows\syswow64\GDI32.dll
0x75060000 - 0x7506a000 	C:\Windows\syswow64\LPK.dll
0x76780000 - 0x7681d000 	C:\Windows\syswow64\USP10.dll
0x755d0000 - 0x75630000 	C:\Windows\system32\IMM32.DLL
0x75070000 - 0x7513c000 	C:\Windows\syswow64\MSCTF.dll
0x7c340000 - 0x7c396000 	D:\Program Files (x86)\Java\jdk1.6.0_30\jre\bin\msvcr71.dll
0x6d8c0000 - 0x6db6f000 	D:\Program Files (x86)\Java\jdk1.6.0_30\jre\bin\client\jvm.dll
0x70e80000 - 0x70eb2000 	C:\Windows\system32\WINMM.dll
0x73440000 - 0x7348c000 	C:\Windows\system32\apphelp.dll
0x6d870000 - 0x6d87c000 	D:\Program Files (x86)\Java\jdk1.6.0_30\jre\bin\verify.dll
0x6d3d0000 - 0x6d3ef000 	D:\Program Files (x86)\Java\jdk1.6.0_30\jre\bin\java.dll
0x6d8b0000 - 0x6d8bf000 	D:\Program Files (x86)\Java\jdk1.6.0_30\jre\bin\zip.dll
0x752f0000 - 0x752f5000 	C:\Windows\system32\PSAPI.DLL

VM Arguments:
jvm_args: -Dfile.encoding=UTF-8 -Xbootclasspath:D:\Program Files (x86)\android-sdk-windows\platforms\android-8\android.jar 
java_command: com.baishui.android.Test
Launcher Type: SUN_STANDARD

Environment Variables:
JAVA_HOME=D:\Program Files (x86)\Java\jdk1.6.0_30
PATH=D:/Program Files (x86)/Java/jdk1.6.0_30/bin/../jre/bin/client;D:/Program Files (x86)/Java/jdk1.6.0_30/bin/../jre/bin;D:/Program Files (x86)/Java/jdk1.6.0_30/bin/../jre/lib/i386;C:\Program Files\Fuji Xerox\PEMaster\Service\bin\mw_web\IndexGenerateTool;D:\Program Files (x86)\Java\jdk1.6.0_30\bin;D:\Program Files (x86)\Apache Foundation\apache-maven-3.0.4\bin;D:\Program Files (x86)\EmEditor;C:\Windows\System32;D:\Program Files (x86)\android-sdk-windows\platform-tools;d:\Program Files (x86)\Windows7Master;D:\Program Files (x86)\Windows7Master;D:\Program Files (x86)\eclipse;
USERNAME=ChengYangyang
OS=Windows_NT
PROCESSOR_IDENTIFIER=Intel64 Family 6 Model 23 Stepping 10, GenuineIntel



---------------  S Y S T E M  ---------------

OS: Windows 7 , 64 bit Build 7601 Service Pack 1

CPU:total 2 (2 cores per cpu, 1 threads per core) family 6 model 23 stepping 10, cmov, cx8, fxsr, mmx, sse, sse2, sse3, ssse3, sse4.1

Memory: 4k page, physical 4158712k(1277104k free), swap 8315572k(4880616k free)

vm_info: Java HotSpot(TM) Client VM (20.5-b03) for windows-x86 JRE (1.6.0_30-b12), built on Nov 10 2011 01:51:00 by "java_re" with MS VC++ 7.1 (VS2003)

time: Thu Sep 27 13:48:00 2012
elapsed time: 0 seconds

